<?xml version="1.0" encoding="UTF-8"?>
<!-- Generated by org.testng.reporters.JUnitReportReporter -->
<testsuite hostname="VidalLG" failures="0" tests="3" name="testcases.HomePageTest" time="3.168" errors="0" timestamp="2023-05-20T11:01:13 CDT" skipped="0">
  <testcase classname="testcases.HomePageTest" name="verifyHomePageTitle" time="0.009"/>
  <system-out/>
  <testcase classname="testcases.HomePageTest" name="verifyUserName" time="0.054"/>
  <system-out/>
  <testcase classname="testcases.HomePageTest" name="verifyContactsButton" time="3.105"/>
  <system-out/>
</testsuite> <!-- testcases.HomePageTest -->
